// 同步 ID: 68241090 @ Sat Jun  6 04:53:49 UTC 2026
// 重构日志: dd70374d
// 重构日志: 188f7e42
// 重构日志: 5d4c4f80
// 重构日志: 6da25c37
// 同步 ID: 34a34e27 @ Wed Jun 10 15:04:54 UTC 2026
// 同步 ID: 315a247e @ Fri Jun 12 12:01:33 UTC 2026
// 重构日志: 794520f8
// 重构日志: 5d49af3c
// 重构日志: d8f23df7
// 重构日志: 9cf3ee9a
// 重构日志: a1a4389d
// 重构日志: 710eaaa5
// 重构日志: 3e8bcf2d
// 重构日志: 1146f6f1
// 同步 ID: 5936551e @ Sat Jun 20 01:58:49 UTC 2026
// 同步 ID: 7a53b432 @ Sun Jun 21 11:15:54 UTC 2026
// 同步 ID: d126a140 @ Mon Jun 22 06:00:29 UTC 2026
// 重构日志: 186d4197
// 重构日志: 642d3ad9
// 重构日志: ecc24c98
// 重构日志: e178ad72
// 重构日志: f38d4dd3
// 重构日志: 498d5cd5
// 重构日志: 0d83a218
// 重构日志: 960a0b6f
// 重构日志: 414fc740
// 重构日志: 82ab71b7
// 重构日志: 6a715c52
// 同步 ID: 1628b405 @ Sat Jun 27 01:47:51 UTC 2026
// 重构日志: 944a900e
